Generated at 2017-05-13 18:25:58 +0000
Mixlib::ShellOut::ShellCommandFailed: yum_package[httpd] (@recipe_files::/etc/workspace/chef-repo/multi.rb line 2) had an error: Mixlib::ShellOut::ShellCommandFailed: Expected process to exit with [0], but received '1'
---- Begin output of /usr/bin/python /opt/chef/embedded/lib/ruby/gems/2.4.0/gems/chef-13.0.118/lib/chef/provider/package/yum/yum-dump.py --options --installed-provides --yum-lock-timeout 30 ----
STDOUT: [option installonlypkgs] kernel kernel-bigmem installonlypkg(kernel-module) installonlypkg(vm) kernel-enterprise kernel-smp kernel-debug kernel-unsupported kernel-source kernel-devel kernel-PAE kernel-PAE-debug
STDERR: yum-dump General Error: xz compression not available
---- End output of /usr/bin/python /opt/chef/embedded/lib/ruby/gems/2.4.0/gems/chef-13.0.118/lib/chef/provider/package/yum/yum-dump.py --options --installed-provides --yum-lock-timeout 30 ----
Ran /usr/bin/python /opt/chef/embedded/lib/ruby/gems/2.4.0/gems/chef-13.0.118/lib/chef/provider/package/yum/yum-dump.py --options --installed-provides --yum-lock-timeout 30 returned 1
/opt/chef/embedded/lib/ruby/gems/2.4.0/gems/mixlib-shellout-2.2.7/lib/mixlib/shellout.rb:289:in `invalid!'
/opt/chef/embedded/lib/ruby/gems/2.4.0/gems/mixlib-shellout-2.2.7/lib/mixlib/shellout.rb:276:in `error!'
/opt/chef/embedded/lib/ruby/gems/2.4.0/gems/chef-13.0.118/lib/chef/mixin/shell_out.rb:120:in `shell_out!'
/opt/chef/embedded/lib/ruby/gems/2.4.0/gems/chef-13.0.118/lib/chef/provider/package/yum/yum_cache.rb:104:in `refresh'
/opt/chef/embedded/lib/ruby/gems/2.4.0/gems/chef-13.0.118/lib/chef/provider/package/yum/yum_cache.rb:231:in `package_available?'
/opt/chef/embedded/lib/ruby/gems/2.4.0/gems/chef-13.0.118/lib/chef/provider/package/yum.rb:392:in `block in convert_dependency_strings_into_packages'
/opt/chef/embedded/lib/ruby/gems/2.4.0/gems/chef-13.0.118/lib/chef/provider/package/yum.rb:391:in `each'
/opt/chef/embedded/lib/ruby/gems/2.4.0/gems/chef-13.0.118/lib/chef/provider/package/yum.rb:391:in `each_with_index'
/opt/chef/embedded/lib/ruby/gems/2.4.0/gems/chef-13.0.118/lib/chef/provider/package/yum.rb:391:in `convert_dependency_strings_into_packages'
/opt/chef/embedded/lib/ruby/gems/2.4.0/gems/chef-13.0.118/lib/chef/provider/package/yum.rb:89:in `load_current_resource'
/opt/chef/embedded/lib/ruby/gems/2.4.0/gems/chef-13.0.118/lib/chef/provider.rb:154:in `run_action'
/opt/chef/embedded/lib/ruby/gems/2.4.0/gems/chef-13.0.118/lib/chef/resource.rb:591:in `run_action'
/opt/chef/embedded/lib/ruby/gems/2.4.0/gems/chef-13.0.118/lib/chef/runner.rb:69:in `run_action'
/opt/chef/embedded/lib/ruby/gems/2.4.0/gems/chef-13.0.118/lib/chef/runner.rb:97:in `block (2 levels) in converge'
/opt/chef/embedded/lib/ruby/gems/2.4.0/gems/chef-13.0.118/lib/chef/runner.rb:97:in `each'
/opt/chef/embedded/lib/ruby/gems/2.4.0/gems/chef-13.0.118/lib/chef/runner.rb:97:in `block in converge'
/opt/chef/embedded/lib/ruby/gems/2.4.0/gems/chef-13.0.118/lib/chef/resource_collection/resource_list.rb:94:in `block in execute_each_resource'
/opt/chef/embedded/lib/ruby/gems/2.4.0/gems/chef-13.0.118/lib/chef/resource_collection/stepable_iterator.rb:114:in `call_iterator_block'
/opt/chef/embedded/lib/ruby/gems/2.4.0/gems/chef-13.0.118/lib/chef/resource_collection/stepable_iterator.rb:85:in `step'
/opt/chef/embedded/lib/ruby/gems/2.4.0/gems/chef-13.0.118/lib/chef/resource_collection/stepable_iterator.rb:103:in `iterate'
/opt/chef/embedded/lib/ruby/gems/2.4.0/gems/chef-13.0.118/lib/chef/resource_collection/stepable_iterator.rb:55:in `each_with_index'
/opt/chef/embedded/lib/ruby/gems/2.4.0/gems/chef-13.0.118/lib/chef/resource_collection/resource_list.rb:92:in `execute_each_resource'
/opt/chef/embedded/lib/ruby/gems/2.4.0/gems/chef-13.0.118/lib/chef/runner.rb:96:in `converge'
/opt/chef/embedded/lib/ruby/gems/2.4.0/gems/chef-13.0.118/lib/chef/client.rb:715:in `block in converge'
/opt/chef/embedded/lib/ruby/gems/2.4.0/gems/chef-13.0.118/lib/chef/client.rb:710:in `catch'
/opt/chef/embedded/lib/ruby/gems/2.4.0/gems/chef-13.0.118/lib/chef/client.rb:710:in `converge'
/opt/chef/embedded/lib/ruby/gems/2.4.0/gems/chef-13.0.118/lib/chef/client.rb:749:in `converge_and_save'
/opt/chef/embedded/lib/ruby/gems/2.4.0/gems/chef-13.0.118/lib/chef/client.rb:286:in `run'
/opt/chef/embedded/lib/ruby/gems/2.4.0/gems/chef-13.0.118/lib/chef/application.rb:291:in `block in fork_chef_client'
/opt/chef/embedded/lib/ruby/gems/2.4.0/gems/chef-13.0.118/lib/chef/application.rb:279:in `fork'
/opt/chef/embedded/lib/ruby/gems/2.4.0/gems/chef-13.0.118/lib/chef/application.rb:279:in `fork_chef_client'
/opt/chef/embedded/lib/ruby/gems/2.4.0/gems/chef-13.0.118/lib/chef/application.rb:244:in `block in run_chef_client'
/opt/chef/embedded/lib/ruby/gems/2.4.0/gems/chef-13.0.118/lib/chef/local_mode.rb:44:in `with_server_connectivity'
/opt/chef/embedded/lib/ruby/gems/2.4.0/gems/chef-13.0.118/lib/chef/application.rb:232:in `run_chef_client'
/opt/chef/embedded/lib/ruby/gems/2.4.0/gems/chef-13.0.118/lib/chef/application/client.rb:464:in `sleep_then_run_chef_client'
/opt/chef/embedded/lib/ruby/gems/2.4.0/gems/chef-13.0.118/lib/chef/application/client.rb:451:in `block in interval_run_chef_client'
/opt/chef/embedded/lib/ruby/gems/2.4.0/gems/chef-13.0.118/lib/chef/application/client.rb:450:in `loop'
/opt/chef/embedded/lib/ruby/gems/2.4.0/gems/chef-13.0.118/lib/chef/application/client.rb:450:in `interval_run_chef_client'
/opt/chef/embedded/lib/ruby/gems/2.4.0/gems/chef-13.0.118/lib/chef/application/client.rb:434:in `run_application'
/opt/chef/embedded/lib/ruby/gems/2.4.0/gems/chef-13.0.118/lib/chef/application.rb:59:in `run'
/opt/chef/embedded/lib/ruby/gems/2.4.0/gems/chef-13.0.118/bin/chef-client:26:in `<top (required)>'
/usr/bin/chef-client:58:in `load'
/usr/bin/chef-client:58:in `<main>'

>>>> Caused by Mixlib::ShellOut::ShellCommandFailed: Expected process to exit with [0], but received '1'
---- Begin output of /usr/bin/python /opt/chef/embedded/lib/ruby/gems/2.4.0/gems/chef-13.0.118/lib/chef/provider/package/yum/yum-dump.py --options --installed-provides --yum-lock-timeout 30 ----
STDOUT: [option installonlypkgs] kernel kernel-bigmem installonlypkg(kernel-module) installonlypkg(vm) kernel-enterprise kernel-smp kernel-debug kernel-unsupported kernel-source kernel-devel kernel-PAE kernel-PAE-debug
STDERR: yum-dump General Error: xz compression not available
---- End output of /usr/bin/python /opt/chef/embedded/lib/ruby/gems/2.4.0/gems/chef-13.0.118/lib/chef/provider/package/yum/yum-dump.py --options --installed-provides --yum-lock-timeout 30 ----
Ran /usr/bin/python /opt/chef/embedded/lib/ruby/gems/2.4.0/gems/chef-13.0.118/lib/chef/provider/package/yum/yum-dump.py --options --installed-provides --yum-lock-timeout 30 returned 1
/opt/chef/embedded/lib/ruby/gems/2.4.0/gems/mixlib-shellout-2.2.7/lib/mixlib/shellout.rb:289:in `invalid!'
/opt/chef/embedded/lib/ruby/gems/2.4.0/gems/mixlib-shellout-2.2.7/lib/mixlib/shellout.rb:276:in `error!'
/opt/chef/embedded/lib/ruby/gems/2.4.0/gems/chef-13.0.118/lib/chef/mixin/shell_out.rb:120:in `shell_out!'
/opt/chef/embedded/lib/ruby/gems/2.4.0/gems/chef-13.0.118/lib/chef/provider/package/yum/yum_cache.rb:104:in `refresh'
/opt/chef/embedded/lib/ruby/gems/2.4.0/gems/chef-13.0.118/lib/chef/provider/package/yum/yum_cache.rb:231:in `package_available?'
/opt/chef/embedded/lib/ruby/gems/2.4.0/gems/chef-13.0.118/lib/chef/provider/package/yum.rb:392:in `block in convert_dependency_strings_into_packages'
/opt/chef/embedded/lib/ruby/gems/2.4.0/gems/chef-13.0.118/lib/chef/provider/package/yum.rb:391:in `each'
/opt/chef/embedded/lib/ruby/gems/2.4.0/gems/chef-13.0.118/lib/chef/provider/package/yum.rb:391:in `each_with_index'
/opt/chef/embedded/lib/ruby/gems/2.4.0/gems/chef-13.0.118/lib/chef/provider/package/yum.rb:391:in `convert_dependency_strings_into_packages'
/opt/chef/embedded/lib/ruby/gems/2.4.0/gems/chef-13.0.118/lib/chef/provider/package/yum.rb:89:in `load_current_resource'
/opt/chef/embedded/lib/ruby/gems/2.4.0/gems/chef-13.0.118/lib/chef/provider.rb:154:in `run_action'
/opt/chef/embedded/lib/ruby/gems/2.4.0/gems/chef-13.0.118/lib/chef/resource.rb:591:in `run_action'
/opt/chef/embedded/lib/ruby/gems/2.4.0/gems/chef-13.0.118/lib/chef/runner.rb:69:in `run_action'
/opt/chef/embedded/lib/ruby/gems/2.4.0/gems/chef-13.0.118/lib/chef/runner.rb:97:in `block (2 levels) in converge'
/opt/chef/embedded/lib/ruby/gems/2.4.0/gems/chef-13.0.118/lib/chef/runner.rb:97:in `each'
/opt/chef/embedded/lib/ruby/gems/2.4.0/gems/chef-13.0.118/lib/chef/runner.rb:97:in `block in converge'
/opt/chef/embedded/lib/ruby/gems/2.4.0/gems/chef-13.0.118/lib/chef/resource_collection/resource_list.rb:94:in `block in execute_each_resource'
/opt/chef/embedded/lib/ruby/gems/2.4.0/gems/chef-13.0.118/lib/chef/resource_collection/stepable_iterator.rb:114:in `call_iterator_block'
/opt/chef/embedded/lib/ruby/gems/2.4.0/gems/chef-13.0.118/lib/chef/resource_collection/stepable_iterator.rb:85:in `step'
/opt/chef/embedded/lib/ruby/gems/2.4.0/gems/chef-13.0.118/lib/chef/resource_collection/stepable_iterator.rb:103:in `iterate'
/opt/chef/embedded/lib/ruby/gems/2.4.0/gems/chef-13.0.118/lib/chef/resource_collection/stepable_iterator.rb:55:in `each_with_index'
/opt/chef/embedded/lib/ruby/gems/2.4.0/gems/chef-13.0.118/lib/chef/resource_collection/resource_list.rb:92:in `execute_each_resource'
/opt/chef/embedded/lib/ruby/gems/2.4.0/gems/chef-13.0.118/lib/chef/runner.rb:96:in `converge'
/opt/chef/embedded/lib/ruby/gems/2.4.0/gems/chef-13.0.118/lib/chef/client.rb:715:in `block in converge'
/opt/chef/embedded/lib/ruby/gems/2.4.0/gems/chef-13.0.118/lib/chef/client.rb:710:in `catch'
/opt/chef/embedded/lib/ruby/gems/2.4.0/gems/chef-13.0.118/lib/chef/client.rb:710:in `converge'
/opt/chef/embedded/lib/ruby/gems/2.4.0/gems/chef-13.0.118/lib/chef/client.rb:749:in `converge_and_save'
/opt/chef/embedded/lib/ruby/gems/2.4.0/gems/chef-13.0.118/lib/chef/client.rb:286:in `run'
/opt/chef/embedded/lib/ruby/gems/2.4.0/gems/chef-13.0.118/lib/chef/application.rb:291:in `block in fork_chef_client'
/opt/chef/embedded/lib/ruby/gems/2.4.0/gems/chef-13.0.118/lib/chef/application.rb:279:in `fork'
/opt/chef/embedded/lib/ruby/gems/2.4.0/gems/chef-13.0.118/lib/chef/application.rb:279:in `fork_chef_client'
/opt/chef/embedded/lib/ruby/gems/2.4.0/gems/chef-13.0.118/lib/chef/application.rb:244:in `block in run_chef_client'
/opt/chef/embedded/lib/ruby/gems/2.4.0/gems/chef-13.0.118/lib/chef/local_mode.rb:44:in `with_server_connectivity'
/opt/chef/embedded/lib/ruby/gems/2.4.0/gems/chef-13.0.118/lib/chef/application.rb:232:in `run_chef_client'
/opt/chef/embedded/lib/ruby/gems/2.4.0/gems/chef-13.0.118/lib/chef/application/client.rb:464:in `sleep_then_run_chef_client'
/opt/chef/embedded/lib/ruby/gems/2.4.0/gems/chef-13.0.118/lib/chef/application/client.rb:451:in `block in interval_run_chef_client'
/opt/chef/embedded/lib/ruby/gems/2.4.0/gems/chef-13.0.118/lib/chef/application/client.rb:450:in `loop'
/opt/chef/embedded/lib/ruby/gems/2.4.0/gems/chef-13.0.118/lib/chef/application/client.rb:450:in `interval_run_chef_client'
/opt/chef/embedded/lib/ruby/gems/2.4.0/gems/chef-13.0.118/lib/chef/application/client.rb:434:in `run_application'
/opt/chef/embedded/lib/ruby/gems/2.4.0/gems/chef-13.0.118/lib/chef/application.rb:59:in `run'
/opt/chef/embedded/lib/ruby/gems/2.4.0/gems/chef-13.0.118/bin/chef-client:26:in `<top (required)>'
/usr/bin/chef-client:58:in `load'
/usr/bin/chef-client:58:in `<main>'